#
# There is insufficient memory for the Java Runtime Environment to continue.
# Native memory allocation (malloc) failed to allocate 1048576 bytes for AllocateHeap
# Possible reasons:
#   The system is out of physical RAM or swap space
#   The process is running with CompressedOops enabled, and the Java Heap may be blocking the growth of the native heap
# Possible solutions:
#   Reduce memory load on the system
#   Increase physical memory or swap space
#   Check if swap backing store is full
#   Decrease Java heap size (-Xmx/-Xms)
#   Decrease number of Java threads
#   Decrease Java thread stack sizes (-Xss)
#   Set larger code cache with -XX:ReservedCodeCacheSize=
#   JVM is running with Unscaled Compressed Oops mode in which the Java heap is
#     placed in the first 4GB address space. The Java Heap base address is the
#     maximum limit for the native heap growth. Please use -XX:HeapBaseMinAddress
#     to set the Java Heap base and to place the Java Heap above 4GB virtual address.
# This output file may be truncated or incomplete.
#
#  Out of Memory Error (memory/allocation.inline.hpp:61), pid=5760, tid=0x00000000000031f4
#
# JRE version:  (8.0_212-b10) (build )
# Java VM: Java HotSpot(TM) 64-Bit Server VM (25.212-b10 mixed mode windows-amd64 compressed oops)
# Failed to write core dump. Minidumps are not enabled by default on client versions of Windows
#

---------------  T H R E A D  ---------------

Current thread (0x0000000003282800):  JavaThread "Unknown thread" [_thread_in_vm, id=12788, stack(0x0000000002bf0000,0x0000000002cf0000)]

Stack: [0x0000000002bf0000,0x0000000002cf0000]
[error occurred during error reporting (printing stack bounds), id 0xc0000005]

Native frames: (J=compiled Java code, j=interpreted, Vv=VM code, C=native code)


---------------  P R O C E S S  ---------------

Java Threads: ( => current thread )

Other Threads:

=>0x0000000003282800 (exited) JavaThread "Unknown thread" [_thread_in_vm, id=12788, stack(0x0000000002bf0000,0x0000000002cf0000)]

VM state:not at safepoint (normal execution)

VM Mutex/Monitor currently owned by a thread: None

heap address: 0x0000000084e00000, size: 1970 MB, Compressed Oops mode: 32-bit
Narrow klass base: 0x0000000000000000, Narrow klass shift: 3
Compressed class space size: 1073741824 Address: 0x0000000100000000

Heap:
 PSYoungGen      total 36864K, used 634K [0x00000000d6f80000, 0x00000000d9880000, 0x0000000100000000)
  eden space 31744K, 2% used [0x00000000d6f80000,0x00000000d701eb90,0x00000000d8e80000)
  from space 5120K, 0% used [0x00000000d9380000,0x00000000d9380000,0x00000000d9880000)
  to   space 5120K, 0% used [0x00000000d8e80000,0x00000000d8e80000,0x00000000d9380000)
 ParOldGen       total 84992K, used 0K [0x0000000084e00000, 0x000000008a100000, 0x00000000d6f80000)
  object space 84992K, 0% used [0x0000000084e00000,0x0000000084e00000,0x000000008a100000)
 Metaspace       used 775K, capacity 4480K, committed 4480K, reserved 1056768K
  class space    used 76K, capacity 384K, committed 384K, reserved 1048576K

Card table byte_map: [0x0000000012740000,0x0000000012b20000] byte_map_base: 0x0000000012319000

Marking Bits: (ParMarkBitMap*) 0x00000000575a5ce0
 Begin Bits: [0x00000000131c0000, 0x0000000015088000)
 End Bits:   [0x0000000015088000, 0x0000000016f50000)

Polling page: 0x00000000015c0000

CodeCache: size=245760Kb used=328Kb max_used=328Kb free=245431Kb
 bounds [0x0000000003380000, 0x00000000035f0000, 0x0000000012380000]
 total_blobs=58 nmethods=0 adapters=38
 compilation: enabled

Compilation events (0 events):
No events

GC Heap History (0 events):
No events

Deoptimization events (0 events):
No events

Classes redefined (0 events):
No events

Internal exceptions (0 events):
No events

Events (10 events):
Event: 0.050 loading class java/lang/Short
Event: 0.050 loading class java/lang/Short done
Event: 0.050 loading class java/lang/Integer
Event: 0.050 loading class java/lang/Integer done
Event: 0.050 loading class java/lang/Long
Event: 0.050 loading class java/lang/Long done
Event: 0.051 loading class java/lang/NullPointerException
Event: 0.051 loading class java/lang/NullPointerException done
Event: 0.051 loading class java/lang/ArithmeticException
Event: 0.051 loading class java/lang/ArithmeticException done


Dynamic libraries:
0x00007ff672940000 - 0x00007ff672977000 	C:\Program Files\Java\jdk1.8.0_212\bin\java.exe
0x00007ffc18e40000 - 0x00007ffc19030000 	C:\WINDOWS\SYSTEM32\ntdll.dll
0x00007ffc16f20000 - 0x00007ffc16fd2000 	C:\WINDOWS\System32\KERNEL32.DLL
0x00007ffc16060000 - 0x00007ffc16303000 	C:\WINDOWS\System32\KERNELBASE.dll
0x00007ffc18420000 - 0x00007ffc184c3000 	C:\WINDOWS\System32\ADVAPI32.dll
0x00007ffc17ab0000 - 0x00007ffc17b4e000 	C:\WINDOWS\System32\msvcrt.dll
0x00007ffc187c0000 - 0x00007ffc18857000 	C:\WINDOWS\System32\sechost.dll
0x00007ffc18630000 - 0x00007ffc18750000 	C:\WINDOWS\System32\RPCRT4.dll
0x00007ffc188c0000 - 0x00007ffc18a54000 	C:\WINDOWS\System32\USER32.dll
0x00007ffc15fd0000 - 0x00007ffc15ff1000 	C:\WINDOWS\System32\win32u.dll
0x00007ffc16ef0000 - 0x00007ffc16f16000 	C:\WINDOWS\System32\GDI32.dll
0x00007ffc16cb0000 - 0x00007ffc16e44000 	C:\WINDOWS\System32\gdi32full.dll
0x00007ffc16a90000 - 0x00007ffc16b2e000 	C:\WINDOWS\System32\msvcp_win.dll
0x00007ffc15ed0000 - 0x00007ffc15fca000 	C:\WINDOWS\System32\ucrtbase.dll
0x00007ffc03ea0000 - 0x00007ffc04125000 	C:\WINDOWS\WinSxS\amd64_microsoft.windows.common-controls_6595b64144ccf1df_6.0.18362.535_none_e6c3b34713100821\COMCTL32.dll
0x00007ffc170b0000 - 0x00007ffc173e6000 	C:\WINDOWS\System32\combase.dll
0x00007ffc16e50000 - 0x00007ffc16ed0000 	C:\WINDOWS\System32\bcryptPrimitives.dll
0x00007ffc17b50000 - 0x00007ffc17b7e000 	C:\WINDOWS\System32\IMM32.DLL
0x0000000057630000 - 0x0000000057702000 	C:\Program Files\Java\jdk1.8.0_212\jre\bin\msvcr100.dll
0x0000000056d80000 - 0x0000000057625000 	C:\Program Files\Java\jdk1.8.0_212\jre\bin\server\jvm.dll
0x00007ffc18750000 - 0x00007ffc18758000 	C:\WINDOWS\System32\PSAPI.DLL
0x00007ffc108d0000 - 0x00007ffc108f4000 	C:\WINDOWS\SYSTEM32\WINMM.dll
0x00007ffc05f30000 - 0x00007ffc05f3a000 	C:\WINDOWS\SYSTEM32\VERSION.dll
0x00007ffc108a0000 - 0x00007ffc108cd000 	C:\WINDOWS\SYSTEM32\WINMMBASE.dll
0x00007ffc15dd0000 - 0x00007ffc15e1a000 	C:\WINDOWS\System32\cfgmgr32.dll
0x00007ffbfbb20000 - 0x00007ffbfbb29000 	C:\WINDOWS\SYSTEM32\WSOCK32.dll
0x00007ffc18c40000 - 0x00007ffc18caf000 	C:\WINDOWS\System32\WS2_32.dll
0x00007ffc0c730000 - 0x00007ffc0c73f000 	C:\Program Files\Java\jdk1.8.0_212\jre\bin\verify.dll
0x00007ffbfffe0000 - 0x00007ffc00009000 	C:\Program Files\Java\jdk1.8.0_212\jre\bin\java.dll
0x00007ffc10bc0000 - 0x00007ffc10be3000 	C:\Program Files\Java\jdk1.8.0_212\jre\bin\instrument.dll
0x00007ffbfffc0000 - 0x00007ffbfffd6000 	C:\Program Files\Java\jdk1.8.0_212\jre\bin\zip.dll

VM Arguments:
jvm_args: -Dmaven.multiModuleProjectDirectory=F:\Study\IntelliJ_IDEA\bookshop -Dmaven.home=D:\software\apache-maven-3.6.0 -Dclassworlds.conf=D:\software\apache-maven-3.6.0\bin\m2.conf -Dmaven.ext.class.path=D:\software\IntelliJ IDEA 2019.3.1\plugins\maven\lib\maven-event-listener.jar -javaagent:D:\software\IntelliJ IDEA 2019.3.1\lib\idea_rt.jar=14040:D:\software\IntelliJ IDEA 2019.3.1\bin -Dfile.encoding=UTF-8 
java_command: org.codehaus.classworlds.Launcher -Didea.version2019.3.1 -s D:\software\apache-maven-3.6.0\conf\settings.xml -Dmaven.repo.local=F:\Study\Maven-Local-Repository clean
java_class_path (initial): D:\software\apache-maven-3.6.0\boot\plexus-classworlds-2.5.2.jar;D:\software\IntelliJ IDEA 2019.3.1\lib\idea_rt.jar
Launcher Type: SUN_STANDARD

Environment Variables:
JAVA_HOME=C:\Program Files\Java\jdk1.8.0_212
CLASSPATH=.;C:\Program Files\Java\jdk1.8.0_212\lib;C:\Program Files\Java\jdk1.8.0_212\lib\tools.jar;F:\Study\JavaEmail_API\mail.jar;F:\Study\JavaEmail_API\activation.jar
PATH=D:\software\xshell\;C:\Program Files (x86)\Common Files\Oracle\Java\javapath;C:\Program Files\Java\jdk1.8.0_212\bin;C:\Program Files\Java\jdk1.8.0_212\jre\bin;C:\WINDOWS\system32;C:\WINDOWS;C:\WINDOWS\System32\Wbem;C:\WINDOWS\System32\WindowsPowerShell\v1.0\;C:\WINDOWS\System32\OpenSSH\;D:\software\apache-tomcat-9.0.14\bin;D:\software\MySQL\MySQL Server 8.0\Server\bin;D:\software\MinGW64\mingw64\bin;D:\software\LLVM\bin;D:\software\apache-maven-3.6.0\bin;D:\software\Node-JS\;D:\software\Git\cmd;D:\software\MatLab\runtime\win64;D:\software\MatLab\bin;D:\software\MatLab\polyspace\bin;C:\Program Files\Intel\WiFi\bin\;C:\Program Files\Common Files\Intel\WirelessCommon\;C:\Users\Think\AppData\Local\Programs\Python\Python37\Scripts\;C:\Users\Think\AppData\Local\Programs\Python\Python37\;C:\Users\Think\AppData\Local\Microsoft\WindowsApps;;D:\software\IntelliJ IDEA 2019.3.1\bin;;D:\software\Microsoft VS Code\bin;C:\Users\Think\AppData\Roaming\npm;C:\Program Files\Intel\WiFi\bin\;C:\Program Files\Common Files\Intel\WirelessCommon\
USERNAME=Think
OS=Windows_NT
PROCESSOR_IDENTIFIER=Intel64 Family 6 Model 69 Stepping 1, GenuineIntel



---------------  S Y S T E M  ---------------

OS: Windows 10.0 , 64 bit Build 18362 (10.0.18362.329)

CPU:total 4 (initial active 4) (2 cores per cpu, 2 threads per core) family 6 model 69 stepping 1, cmov, cx8, fxsr, mmx, sse, sse2, sse3, ssse3, sse4.1, sse4.2, popcnt, avx, avx2, aes, clmul, erms, lzcnt, ht, tsc, tscinvbit, bmi1, bmi2

Memory: 4k page, physical 8068776k(1206540k free), swap 10165928k(5616k free)

vm_info: Java HotSpot(TM) 64-Bit Server VM (25.212-b10) for windows-amd64 JRE (1.8.0_212-b10), built on Apr  1 2019 22:50:23 by "java_re" with MS VC++ 10.0 (VS2010)

time: Wed Jan 08 16:26:20 2020
timezone: 中国标准时间
elapsed time: 0 seconds (0d 0h 0m 0s)

