#
# There is insufficient memory for the Java Runtime Environment to continue.
# Native memory allocation (malloc) failed to allocate 131088 bytes for Chunk::new
# Possible reasons:
#   The system is out of physical RAM or swap space
#   The process is running with CompressedOops enabled, and the Java Heap may be blocking the growth of the native heap
# Possible solutions:
#   Reduce memory load on the system
#   Increase physical memory or swap space
#   Check if swap backing store is full
#   Decrease Java heap size (-Xmx/-Xms)
#   Decrease number of Java threads
#   Decrease Java thread stack sizes (-Xss)
#   Set larger code cache with -XX:ReservedCodeCacheSize=
#   JVM is running with Unscaled Compressed Oops mode in which the Java heap is
#     placed in the first 4GB address space. The Java Heap base address is the
#     maximum limit for the native heap growth. Please use -XX:HeapBaseMinAddress
#     to set the Java Heap base and to place the Java Heap above 4GB virtual address.
# This output file may be truncated or incomplete.
#
#  Out of Memory Error (allocation.cpp:389), pid=14956, tid=0x0000000000001e44
#
# JRE version: Java(TM) SE Runtime Environment (8.0_212-b10) (build 1.8.0_212-b10)
# Java VM: Java HotSpot(TM) 64-Bit Server VM (25.212-b10 mixed mode windows-amd64 compressed oops)
# Failed to write core dump. Minidumps are not enabled by default on client versions of Windows
#

---------------  T H R E A D  ---------------

Current thread (0x00000000194ed800):  JavaThread "C2 CompilerThread0" daemon [_thread_in_native, id=7748, stack(0x0000000019bc0000,0x0000000019cc0000)]

Stack: [0x0000000019bc0000,0x0000000019cc0000]
[error occurred during error reporting (printing stack bounds), id 0xc0000005]

Native frames: (J=compiled Java code, j=interpreted, Vv=VM code, C=native code)


Current CompileTask:
C2:   3339 1471       4       java.net.URLClassLoader$1::run (5 bytes)


---------------  P R O C E S S  ---------------

Java Threads: ( => current thread )
  0x000000001952d800 JavaThread "Service Thread" daemon [_thread_blocked, id=14416, stack(0x0000000019ec0000,0x0000000019fc0000)]
  0x00000000194f5000 JavaThread "C1 CompilerThread2" daemon [_thread_blocked, id=15884, stack(0x0000000019dc0000,0x0000000019ec0000)]
  0x00000000194f1800 JavaThread "C2 CompilerThread1" daemon [_thread_in_native, id=9268, stack(0x0000000019cc0000,0x0000000019dc0000)]
=>0x00000000194ed800 JavaThread "C2 CompilerThread0" daemon [_thread_in_native, id=7748, stack(0x0000000019bc0000,0x0000000019cc0000)]
  0x00000000194eb000 JavaThread "Monitor Ctrl-Break" daemon [_thread_in_native, id=4316, stack(0x0000000019ac0000,0x0000000019bc0000)]
  0x0000000018180000 JavaThread "Attach Listener" daemon [_thread_blocked, id=14936, stack(0x00000000199c0000,0x0000000019ac0000)]
  0x00000000194c8800 JavaThread "Signal Dispatcher" daemon [_thread_blocked, id=8668, stack(0x00000000198c0000,0x00000000199c0000)]
  0x000000000381b000 JavaThread "Finalizer" daemon [_thread_blocked, id=15068, stack(0x00000000193c0000,0x00000000194c0000)]
  0x0000000003812000 JavaThread "Reference Handler" daemon [_thread_blocked, id=13108, stack(0x00000000192c0000,0x00000000193c0000)]
  0x0000000003722800 JavaThread "main" [_thread_in_vm, id=3556, stack(0x00000000030f0000,0x00000000031f0000)]

Other Threads:
  0x0000000018138000 VMThread [stack: 0x00000000191c0000,0x00000000192c0000] [id=6996]
  0x0000000019591800 WatcherThread [stack: 0x0000000019fc0000,0x000000001a0c0000] [id=13104]

VM state:not at safepoint (normal execution)

VM Mutex/Monitor currently owned by a thread: None

heap address: 0x0000000084e00000, size: 1970 MB, Compressed Oops mode: 32-bit
Narrow klass base: 0x0000000000000000, Narrow klass shift: 3
Compressed class space size: 1073741824 Address: 0x0000000100000000

Heap:
 PSYoungGen      total 36864K, used 22421K [0x00000000d6f80000, 0x00000000da700000, 0x0000000100000000)
  eden space 31744K, 54% used [0x00000000d6f80000,0x00000000d8068c78,0x00000000d8e80000)
  from space 5120K, 99% used [0x00000000d8e80000,0x00000000d937c938,0x00000000d9380000)
  to   space 5120K, 0% used [0x00000000da200000,0x00000000da200000,0x00000000da700000)
 ParOldGen       total 34304K, used 2491K [0x0000000084e00000, 0x0000000086f80000, 0x00000000d6f80000)
  object space 34304K, 7% used [0x0000000084e00000,0x000000008506edd8,0x0000000086f80000)
 Metaspace       used 13960K, capacity 14228K, committed 14464K, reserved 1064960K
  class space    used 1728K, capacity 1813K, committed 1920K, reserved 1048576K

Card table byte_map: [0x0000000012be0000,0x0000000012fc0000] byte_map_base: 0x00000000127b9000

Marking Bits: (ParMarkBitMap*) 0x00000000575a5ce0
 Begin Bits: [0x0000000013660000, 0x0000000015528000)
 End Bits:   [0x0000000015528000, 0x00000000173f0000)

Polling page: 0x00000000013b0000

CodeCache: size=245760Kb used=5289Kb max_used=5289Kb free=240470Kb
 bounds [0x0000000003820000, 0x0000000003d50000, 0x0000000012820000]
 total_blobs=1916 nmethods=1561 adapters=267
 compilation: enabled

Compilation events (10 events):
Event: 3.329 Thread 0x00000000194f5000 1564       3       java.util.Hashtable$Enumerator::next (27 bytes)
Event: 3.330 Thread 0x00000000194f5000 nmethod 1564 0x0000000003d4c7d0 code [0x0000000003d4c960, 0x0000000003d4cbf8]
Event: 3.330 Thread 0x00000000194f5000 1563       1       org.eclipse.sisu.inject.MildKeys$Weak::hashCode (5 bytes)
Event: 3.330 Thread 0x00000000194f5000 nmethod 1563 0x0000000003d4cd50 code [0x0000000003d4cea0, 0x0000000003d4cfb0]
Event: 3.330 Thread 0x00000000194f5000 1565       3       java.lang.String::codePointAt (36 bytes)
Event: 3.330 Thread 0x00000000194f5000 nmethod 1565 0x0000000003d4d010 code [0x0000000003d4d1a0, 0x0000000003d4d458]
Event: 3.330 Thread 0x00000000194f5000 1566       3       java.lang.Character::codePointAtImpl (41 bytes)
Event: 3.331 Thread 0x00000000194f5000 nmethod 1566 0x0000000003d4d590 code [0x0000000003d4d720, 0x0000000003d4dbb0]
Event: 3.334 Thread 0x00000000194f5000 1567       3       java.io.BufferedWriter::ensureOpen (18 bytes)
Event: 3.334 Thread 0x00000000194f5000 nmethod 1567 0x0000000003d4e810 code [0x0000000003d4e980, 0x0000000003d4ebc8]

GC Heap History (8 events):
Event: 1.712 GC heap before
{Heap before GC invocations=1 (full 0):
 PSYoungGen      total 36864K, used 9777K [0x00000000d6f80000, 0x00000000d9880000, 0x0000000100000000)
  eden space 31744K, 30% used [0x00000000d6f80000,0x00000000d790c688,0x00000000d8e80000)
  from space 5120K, 0% used [0x00000000d9380000,0x00000000d9380000,0x00000000d9880000)
  to   space 5120K, 0% used [0x00000000d8e80000,0x00000000d8e80000,0x00000000d9380000)
 ParOldGen       total 84992K, used 0K [0x0000000084e00000, 0x000000008a100000, 0x00000000d6f80000)
  object space 84992K, 0% used [0x0000000084e00000,0x0000000084e00000,0x000000008a100000)
 Metaspace       used 5587K, capacity 5752K, committed 5888K, reserved 1060864K
  class space    used 594K, capacity 668K, committed 768K, reserved 1048576K
Event: 1.715 GC heap after
Heap after GC invocations=1 (full 0):
 PSYoungGen      total 36864K, used 2252K [0x00000000d6f80000, 0x00000000d9880000, 0x0000000100000000)
  eden space 31744K, 0% used [0x00000000d6f80000,0x00000000d6f80000,0x00000000d8e80000)
  from space 5120K, 43% used [0x00000000d8e80000,0x00000000d90b3248,0x00000000d9380000)
  to   space 5120K, 0% used [0x00000000d9380000,0x00000000d9380000,0x00000000d9880000)
 ParOldGen       total 84992K, used 8K [0x0000000084e00000, 0x000000008a100000, 0x00000000d6f80000)
  object space 84992K, 0% used [0x0000000084e00000,0x0000000084e02000,0x000000008a100000)
 Metaspace       used 5587K, capacity 5752K, committed 5888K, reserved 1060864K
  class space    used 594K, capacity 668K, committed 768K, reserved 1048576K
}
Event: 1.715 GC heap before
{Heap before GC invocations=2 (full 1):
 PSYoungGen      total 36864K, used 2252K [0x00000000d6f80000, 0x00000000d9880000, 0x0000000100000000)
  eden space 31744K, 0% used [0x00000000d6f80000,0x00000000d6f80000,0x00000000d8e80000)
  from space 5120K, 43% used [0x00000000d8e80000,0x00000000d90b3248,0x00000000d9380000)
  to   space 5120K, 0% used [0x00000000d9380000,0x00000000d9380000,0x00000000d9880000)
 ParOldGen       total 84992K, used 8K [0x0000000084e00000, 0x000000008a100000, 0x00000000d6f80000)
  object space 84992K, 0% used [0x0000000084e00000,0x0000000084e02000,0x000000008a100000)
 Metaspace       used 5587K, capacity 5752K, committed 5888K, reserved 1060864K
  class space    used 594K, capacity 668K, committed 768K, reserved 1048576K
Event: 1.726 GC heap after
Heap after GC invocations=2 (full 1):
 PSYoungGen      total 36864K, used 0K [0x00000000d6f80000, 0x00000000d9880000, 0x0000000100000000)
  eden space 31744K, 0% used [0x00000000d6f80000,0x00000000d6f80000,0x00000000d8e80000)
  from space 5120K, 0% used [0x00000000d8e80000,0x00000000d8e80000,0x00000000d9380000)
  to   space 5120K, 0% used [0x00000000d9380000,0x00000000d9380000,0x00000000d9880000)
 ParOldGen       total 34304K, used 2096K [0x0000000084e00000, 0x0000000086f80000, 0x00000000d6f80000)
  object space 34304K, 6% used [0x0000000084e00000,0x000000008500c308,0x0000000086f80000)
 Metaspace       used 5587K, capacity 5752K, committed 5888K, reserved 1058816K
  class space    used 594K, capacity 668K, committed 768K, reserved 1048576K
}
Event: 2.388 GC heap before
{Heap before GC invocations=3 (full 1):
 PSYoungGen      total 36864K, used 31744K [0x00000000d6f80000, 0x00000000d9880000, 0x0000000100000000)
  eden space 31744K, 100% used [0x00000000d6f80000,0x00000000d8e80000,0x00000000d8e80000)
  from space 5120K, 0% used [0x00000000d8e80000,0x00000000d8e80000,0x00000000d9380000)
  to   space 5120K, 0% used [0x00000000d9380000,0x00000000d9380000,0x00000000d9880000)
 ParOldGen       total 34304K, used 2096K [0x0000000084e00000, 0x0000000086f80000, 0x00000000d6f80000)
  object space 34304K, 6% used [0x0000000084e00000,0x000000008500c308,0x0000000086f80000)
 Metaspace       used 9176K, capacity 9410K, committed 9728K, reserved 1060864K
  class space    used 1107K, capacity 1182K, committed 1280K, reserved 1048576K
Event: 2.392 GC heap after
Heap after GC invocations=3 (full 1):
 PSYoungGen      total 36864K, used 3723K [0x00000000d6f80000, 0x00000000da400000, 0x0000000100000000)
  eden space 31744K, 0% used [0x00000000d6f80000,0x00000000d6f80000,0x00000000d8e80000)
  from space 5120K, 72% used [0x00000000d9380000,0x00000000d9722c80,0x00000000d9880000)
  to   space 5120K, 0% used [0x00000000d8e80000,0x00000000d8e80000,0x00000000d9380000)
 ParOldGen       total 34304K, used 2104K [0x0000000084e00000, 0x0000000086f80000, 0x00000000d6f80000)
  object space 34304K, 6% used [0x0000000084e00000,0x000000008500e308,0x0000000086f80000)
 Metaspace       used 9176K, capacity 9410K, committed 9728K, reserved 1060864K
  class space    used 1107K, capacity 1182K, committed 1280K, reserved 1048576K
}
Event: 2.952 GC heap before
{Heap before GC invocations=4 (full 1):
 PSYoungGen      total 36864K, used 35467K [0x00000000d6f80000, 0x00000000da400000, 0x0000000100000000)
  eden space 31744K, 100% used [0x00000000d6f80000,0x00000000d8e80000,0x00000000d8e80000)
  from space 5120K, 72% used [0x00000000d9380000,0x00000000d9722c80,0x00000000d9880000)
  to   space 5120K, 0% used [0x00000000d8e80000,0x00000000d8e80000,0x00000000d9380000)
 ParOldGen       total 34304K, used 2104K [0x0000000084e00000, 0x0000000086f80000, 0x00000000d6f80000)
  object space 34304K, 6% used [0x0000000084e00000,0x000000008500e308,0x0000000086f80000)
 Metaspace       used 12248K, capacity 12520K, committed 12672K, reserved 1062912K
  class space    used 1498K, capacity 1577K, committed 1664K, reserved 1048576K
Event: 2.957 GC heap after
Heap after GC invocations=4 (full 1):
 PSYoungGen      total 36864K, used 5106K [0x00000000d6f80000, 0x00000000da700000, 0x0000000100000000)
  eden space 31744K, 0% used [0x00000000d6f80000,0x00000000d6f80000,0x00000000d8e80000)
  from space 5120K, 99% used [0x00000000d8e80000,0x00000000d937c938,0x00000000d9380000)
  to   space 5120K, 0% used [0x00000000da200000,0x00000000da200000,0x00000000da700000)
 ParOldGen       total 34304K, used 2491K [0x0000000084e00000, 0x0000000086f80000, 0x00000000d6f80000)
  object space 34304K, 7% used [0x0000000084e00000,0x000000008506edd8,0x0000000086f80000)
 Metaspace       used 12248K, capacity 12520K, committed 12672K, reserved 1062912K
  class space    used 1498K, capacity 1577K, committed 1664K, reserved 1048576K
}

Deoptimization events (10 events):
Event: 2.413 Thread 0x0000000003722800 Uncommon trap: reason=unstable_if action=reinterpret pc=0x0000000003aa06c0 method=java.util.HashMap.getNode(ILjava/lang/Object;)Ljava/util/HashMap$Node; @ 129
Event: 2.423 Thread 0x0000000003722800 Uncommon trap: reason=range_check action=make_not_entrant pc=0x0000000003b613a0 method=sun.reflect.generics.parser.SignatureParser.current()C @ 34
Event: 2.553 Thread 0x0000000003722800 Uncommon trap: reason=bimorphic action=maybe_recompile pc=0x0000000003b799bc method=java.util.HashMap.putVal(ILjava/lang/Object;Ljava/lang/Object;ZZ)Ljava/lang/Object; @ 203
Event: 3.091 Thread 0x0000000003722800 Uncommon trap: reason=bimorphic action=maybe_recompile pc=0x0000000003b799bc method=java.util.HashMap.putVal(ILjava/lang/Object;Ljava/lang/Object;ZZ)Ljava/lang/Object; @ 203
Event: 3.091 Thread 0x0000000003722800 Uncommon trap: reason=bimorphic action=maybe_recompile pc=0x0000000003b799bc method=java.util.HashMap.putVal(ILjava/lang/Object;Ljava/lang/Object;ZZ)Ljava/lang/Object; @ 203
Event: 3.136 Thread 0x0000000003722800 Uncommon trap: reason=class_check action=maybe_recompile pc=0x0000000003c87e18 method=java.lang.reflect.Executable.getAnnotation(Ljava/lang/Class;)Ljava/lang/annotation/Annotation; @ 19
Event: 3.143 Thread 0x0000000003722800 Uncommon trap: reason=class_check action=maybe_recompile pc=0x0000000003c87e18 method=java.lang.reflect.Executable.getAnnotation(Ljava/lang/Class;)Ljava/lang/annotation/Annotation; @ 19
Event: 3.193 Thread 0x0000000003722800 Uncommon trap: reason=bimorphic action=maybe_recompile pc=0x0000000003b799bc method=java.util.HashMap.putVal(ILjava/lang/Object;Ljava/lang/Object;ZZ)Ljava/lang/Object; @ 203
Event: 3.193 Thread 0x0000000003722800 Uncommon trap: reason=bimorphic action=maybe_recompile pc=0x0000000003b6a7f0 method=java.util.HashMap.putVal(ILjava/lang/Object;Ljava/lang/Object;ZZ)Ljava/lang/Object; @ 203
Event: 3.315 Thread 0x0000000003722800 Uncommon trap: reason=null_check action=make_not_entrant pc=0x00000000039f5c14 method=java.lang.String.equals(Ljava/lang/Object;)Z @ 8

Classes redefined (0 events):
No events

Internal exceptions (10 events):
Event: 2.153 Thread 0x0000000003722800 Exception <a 'java/lang/ArrayIndexOutOfBoundsException'> (0x00000000d80352b8) thrown at [C:\re\workspace\8-2-build-windows-amd64-cygwin\jdk8u212\12974\hotspot\src\share\vm\runtime\sharedRuntime.cpp, line 605]
Event: 2.160 Thread 0x0000000003722800 Exception <a 'java/lang/ArrayIndexOutOfBoundsException'> (0x00000000d807bb20) thrown at [C:\re\workspace\8-2-build-windows-amd64-cygwin\jdk8u212\12974\hotspot\src\share\vm\runtime\sharedRuntime.cpp, line 605]
Event: 2.320 Thread 0x0000000003722800 Exception <a 'java/lang/ArrayIndexOutOfBoundsException'> (0x00000000d8c21800) thrown at [C:\re\workspace\8-2-build-windows-amd64-cygwin\jdk8u212\12974\hotspot\src\share\vm\runtime\sharedRuntime.cpp, line 605]
Event: 2.320 Thread 0x0000000003722800 Exception <a 'java/lang/ArrayIndexOutOfBoundsException'> (0x00000000d8c26160) thrown at [C:\re\workspace\8-2-build-windows-amd64-cygwin\jdk8u212\12974\hotspot\src\share\vm\runtime\sharedRuntime.cpp, line 605]
Event: 2.402 Thread 0x0000000003722800 Exception <a 'java/lang/ArrayIndexOutOfBoundsException'> (0x00000000d7018d78) thrown at [C:\re\workspace\8-2-build-windows-amd64-cygwin\jdk8u212\12974\hotspot\src\share\vm\runtime\sharedRuntime.cpp, line 605]
Event: 2.423 Thread 0x0000000003722800 Exception <a 'java/lang/ArrayIndexOutOfBoundsException': 66> (0x00000000d7181970) thrown at [C:\re\workspace\8-2-build-windows-amd64-cygwin\jdk8u212\12974\hotspot\src\share\vm\interpreter\interpreterRuntime.cpp, line 368]
Event: 3.183 Thread 0x0000000003722800 Exception <a 'java/lang/NoClassDefFoundError': com/google/inject/servlet/ServletModuleTargetVisitor> (0x00000000d7ae0648) thrown at [C:\re\workspace\8-2-build-windows-amd64-cygwin\jdk8u212\12974\hotspot\src\share\vm\classfile\systemDictionary.cpp, line 19
Event: 3.183 Thread 0x0000000003722800 Exception <a 'java/lang/NoClassDefFoundError'> (0x00000000d7ae0648) thrown at [C:\re\workspace\8-2-build-windows-amd64-cygwin\jdk8u212\12974\hotspot\src\share\vm\prims\jvm.cpp, line 1506]
Event: 3.183 Thread 0x0000000003722800 Exception <a 'java/lang/NoClassDefFoundError': javax/annotation/Priority> (0x00000000d7ae54f0) thrown at [C:\re\workspace\8-2-build-windows-amd64-cygwin\jdk8u212\12974\hotspot\src\share\vm\classfile\systemDictionary.cpp, line 199]
Event: 3.315 Thread 0x0000000003722800 Implicit null exception at 0x00000000039f5a5b to 0x00000000039f5c05

Events (10 events):
Event: 3.332 loading class java/util/Formatter$Conversion
Event: 3.332 loading class java/util/Formatter$Conversion done
Event: 3.332 loading class java/util/Formattable
Event: 3.332 loading class java/util/Formattable done
Event: 3.335 loading class org/apache/maven/building/FileSource
Event: 3.335 loading class org/apache/maven/building/FileSource done
Event: 3.336 loading class java/util/Collections$SingletonMap
Event: 3.336 loading class java/util/Collections$SingletonMap done
Event: 3.336 loading class org/apache/maven/settings/io/xpp3/SettingsXpp3Reader
Event: 3.336 loading class org/apache/maven/settings/io/xpp3/SettingsXpp3Reader done


Dynamic libraries:
0x00007ff672940000 - 0x00007ff672977000 	C:\Program Files\Java\jdk1.8.0_212\bin\java.exe
0x00007ffc18e40000 - 0x00007ffc19030000 	C:\WINDOWS\SYSTEM32\ntdll.dll
0x00007ffc16f20000 - 0x00007ffc16fd2000 	C:\WINDOWS\System32\KERNEL32.DLL
0x00007ffc16060000 - 0x00007ffc16303000 	C:\WINDOWS\System32\KERNELBASE.dll
0x00007ffc18420000 - 0x00007ffc184c3000 	C:\WINDOWS\System32\ADVAPI32.dll
0x00007ffc17ab0000 - 0x00007ffc17b4e000 	C:\WINDOWS\System32\msvcrt.dll
0x00007ffc187c0000 - 0x00007ffc18857000 	C:\WINDOWS\System32\sechost.dll
0x00007ffc18630000 - 0x00007ffc18750000 	C:\WINDOWS\System32\RPCRT4.dll
0x00007ffc188c0000 - 0x00007ffc18a54000 	C:\WINDOWS\System32\USER32.dll
0x00007ffc15fd0000 - 0x00007ffc15ff1000 	C:\WINDOWS\System32\win32u.dll
0x00007ffc16ef0000 - 0x00007ffc16f16000 	C:\WINDOWS\System32\GDI32.dll
0x00007ffc16cb0000 - 0x00007ffc16e44000 	C:\WINDOWS\System32\gdi32full.dll
0x00007ffc16a90000 - 0x00007ffc16b2e000 	C:\WINDOWS\System32\msvcp_win.dll
0x00007ffc15ed0000 - 0x00007ffc15fca000 	C:\WINDOWS\System32\ucrtbase.dll
0x00007ffc03ea0000 - 0x00007ffc04125000 	C:\WINDOWS\WinSxS\amd64_microsoft.windows.common-controls_6595b64144ccf1df_6.0.18362.535_none_e6c3b34713100821\COMCTL32.dll
0x00007ffc170b0000 - 0x00007ffc173e6000 	C:\WINDOWS\System32\combase.dll
0x00007ffc16e50000 - 0x00007ffc16ed0000 	C:\WINDOWS\System32\bcryptPrimitives.dll
0x00007ffc17b50000 - 0x00007ffc17b7e000 	C:\WINDOWS\System32\IMM32.DLL
0x0000000057630000 - 0x0000000057702000 	C:\Program Files\Java\jdk1.8.0_212\jre\bin\msvcr100.dll
0x0000000056d80000 - 0x0000000057625000 	C:\Program Files\Java\jdk1.8.0_212\jre\bin\server\jvm.dll
0x00007ffc18750000 - 0x00007ffc18758000 	C:\WINDOWS\System32\PSAPI.DLL
0x00007ffc05f30000 - 0x00007ffc05f3a000 	C:\WINDOWS\SYSTEM32\VERSION.dll
0x00007ffc108d0000 - 0x00007ffc108f4000 	C:\WINDOWS\SYSTEM32\WINMM.dll
0x00007ffc108a0000 - 0x00007ffc108cd000 	C:\WINDOWS\SYSTEM32\winmmbase.dll
0x00007ffc15dd0000 - 0x00007ffc15e1a000 	C:\WINDOWS\System32\cfgmgr32.dll
0x00007ffbfbb20000 - 0x00007ffbfbb29000 	C:\WINDOWS\SYSTEM32\WSOCK32.dll
0x00007ffc18c40000 - 0x00007ffc18caf000 	C:\WINDOWS\System32\ws2_32.DLL
0x00007ffc0c730000 - 0x00007ffc0c73f000 	C:\Program Files\Java\jdk1.8.0_212\jre\bin\verify.dll
0x00007ffbfffe0000 - 0x00007ffc00009000 	C:\Program Files\Java\jdk1.8.0_212\jre\bin\java.dll
0x00007ffc10bc0000 - 0x00007ffc10be3000 	C:\Program Files\Java\jdk1.8.0_212\jre\bin\instrument.dll
0x00007ffbfffc0000 - 0x00007ffbfffd6000 	C:\Program Files\Java\jdk1.8.0_212\jre\bin\zip.dll
0x00007ffc17b80000 - 0x00007ffc18265000 	C:\WINDOWS\System32\SHELL32.dll
0x00007ffc17910000 - 0x00007ffc179b9000 	C:\WINDOWS\System32\shcore.dll
0x00007ffc16310000 - 0x00007ffc16a8f000 	C:\WINDOWS\System32\windows.storage.dll
0x00007ffc15d40000 - 0x00007ffc15d5f000 	C:\WINDOWS\System32\profapi.dll
0x00007ffc15d60000 - 0x00007ffc15daa000 	C:\WINDOWS\System32\powrprof.dll
0x00007ffc15d10000 - 0x00007ffc15d20000 	C:\WINDOWS\System32\UMPDC.dll
0x00007ffc18760000 - 0x00007ffc187b2000 	C:\WINDOWS\System32\shlwapi.dll
0x00007ffc15d20000 - 0x00007ffc15d31000 	C:\WINDOWS\System32\kernel.appcore.dll
0x00007ffc16ed0000 - 0x00007ffc16ee7000 	C:\WINDOWS\System32\cryptsp.dll
0x00007ffc10880000 - 0x00007ffc1089a000 	D:\software\IntelliJ IDEA 2019.3.1\bin\breakgen64.dll
0x00007ffbf5ed0000 - 0x00007ffbf5eea000 	C:\Program Files\Java\jdk1.8.0_212\jre\bin\net.dll
0x00007ffc0a380000 - 0x00007ffc0a556000 	C:\WINDOWS\SYSTEM32\urlmon.dll
0x00007ffc09a30000 - 0x00007ffc09cd6000 	C:\WINDOWS\SYSTEM32\iertutil.dll
0x00007ffc15750000 - 0x00007ffc1575c000 	C:\WINDOWS\SYSTEM32\CRYPTBASE.DLL
0x00007ffc15580000 - 0x00007ffc155e7000 	C:\WINDOWS\system32\mswsock.dll
0x00007ffc150f0000 - 0x00007ffc15123000 	C:\WINDOWS\system32\rsaenh.dll
0x00007ffc16c80000 - 0x00007ffc16ca6000 	C:\WINDOWS\System32\bcrypt.dll
0x00007ffc15c30000 - 0x00007ffc15c55000 	C:\WINDOWS\SYSTEM32\USERENV.dll
0x00007ffc15290000 - 0x00007ffc152ca000 	C:\WINDOWS\SYSTEM32\IPHLPAPI.DLL
0x00007ffc18cb0000 - 0x00007ffc18cb8000 	C:\WINDOWS\System32\NSI.dll
0x00007ffc0a770000 - 0x00007ffc0a786000 	C:\WINDOWS\SYSTEM32\dhcpcsvc6.DLL
0x00007ffc0a750000 - 0x00007ffc0a76c000 	C:\WINDOWS\SYSTEM32\dhcpcsvc.DLL
0x00007ffc152d0000 - 0x00007ffc1539a000 	C:\WINDOWS\SYSTEM32\DNSAPI.dll
0x00007ffbf41d0000 - 0x00007ffbf41e2000 	C:\Program Files\Java\jdk1.8.0_212\jre\bin\nio.dll
0x00007ffc11520000 - 0x00007ffc1152a000 	C:\Users\Think\AppData\Local\Temp\jansi-1.17.1-6478634559006058240.dll
0x00007ffc11490000 - 0x00007ffc1149a000 	C:\Users\Think\AppData\Local\Temp\jansi-1.17.1-6759505189341425202.dll

VM Arguments:
jvm_args: -Dmaven.multiModuleProjectDirectory=F:\Study\IntelliJ_IDEA\bookshop -Dmaven.home=D:\software\apache-maven-3.6.0 -Dclassworlds.conf=D:\software\apache-maven-3.6.0\bin\m2.conf -Dmaven.ext.class.path=D:\software\IntelliJ IDEA 2019.3.1\plugins\maven\lib\maven-event-listener.jar -javaagent:D:\software\IntelliJ IDEA 2019.3.1\lib\idea_rt.jar=14036:D:\software\IntelliJ IDEA 2019.3.1\bin -Dfile.encoding=UTF-8 
java_command: org.codehaus.classworlds.Launcher -Didea.version2019.3.1 -s D:\software\apache-maven-3.6.0\conf\settings.xml -Dmaven.repo.local=F:\Study\Maven-Local-Repository clean
java_class_path (initial): D:\software\apache-maven-3.6.0\boot\plexus-classworlds-2.5.2.jar;D:\software\IntelliJ IDEA 2019.3.1\lib\idea_rt.jar
Launcher Type: SUN_STANDARD

Environment Variables:
JAVA_HOME=C:\Program Files\Java\jdk1.8.0_212
CLASSPATH=.;C:\Program Files\Java\jdk1.8.0_212\lib;C:\Program Files\Java\jdk1.8.0_212\lib\tools.jar;F:\Study\JavaEmail_API\mail.jar;F:\Study\JavaEmail_API\activation.jar
PATH=D:\software\xshell\;C:\Program Files (x86)\Common Files\Oracle\Java\javapath;C:\Program Files\Java\jdk1.8.0_212\bin;C:\Program Files\Java\jdk1.8.0_212\jre\bin;C:\WINDOWS\system32;C:\WINDOWS;C:\WINDOWS\System32\Wbem;C:\WINDOWS\System32\WindowsPowerShell\v1.0\;C:\WINDOWS\System32\OpenSSH\;D:\software\apache-tomcat-9.0.14\bin;D:\software\MySQL\MySQL Server 8.0\Server\bin;D:\software\MinGW64\mingw64\bin;D:\software\LLVM\bin;D:\software\apache-maven-3.6.0\bin;D:\software\Node-JS\;D:\software\Git\cmd;D:\software\MatLab\runtime\win64;D:\software\MatLab\bin;D:\software\MatLab\polyspace\bin;C:\Program Files\Intel\WiFi\bin\;C:\Program Files\Common Files\Intel\WirelessCommon\;C:\Users\Think\AppData\Local\Programs\Python\Python37\Scripts\;C:\Users\Think\AppData\Local\Programs\Python\Python37\;C:\Users\Think\AppData\Local\Microsoft\WindowsApps;;D:\software\IntelliJ IDEA 2019.3.1\bin;;D:\software\Microsoft VS Code\bin;C:\Users\Think\AppData\Roaming\npm;C:\Program Files\Intel\WiFi\bin\;C:\Program Files\Common Files\Intel\WirelessCommon\
USERNAME=Think
OS=Windows_NT
PROCESSOR_IDENTIFIER=Intel64 Family 6 Model 69 Stepping 1, GenuineIntel



---------------  S Y S T E M  ---------------

OS: Windows 10.0 , 64 bit Build 18362 (10.0.18362.329)

CPU:total 4 (initial active 4) (2 cores per cpu, 2 threads per core) family 6 model 69 stepping 1, cmov, cx8, fxsr, mmx, sse, sse2, sse3, ssse3, sse4.1, sse4.2, popcnt, avx, avx2, aes, clmul, erms, lzcnt, ht, tsc, tscinvbit, bmi1, bmi2

Memory: 4k page, physical 8068776k(1161020k free), swap 10165928k(4980k free)

vm_info: Java HotSpot(TM) 64-Bit Server VM (25.212-b10) for windows-amd64 JRE (1.8.0_212-b10), built on Apr  1 2019 22:50:23 by "java_re" with MS VC++ 10.0 (VS2010)

time: Wed Jan 08 16:26:15 2020
timezone: 中国标准时间
elapsed time: 3 seconds (0d 0h 0m 3s)

